Analysis & Synthesis report for pdm_synth
Sun Dec 30 16:52:28 2018
Quartus Prime Version 18.1.0 Build 625 09/12/2018 SJ Lite Edition


---------------------
; Table of Contents ;
---------------------
  1. Legal Notice
  2. Analysis & Synthesis Summary
  3. Analysis & Synthesis Settings
  4. Parallel Compilation
  5. Analysis & Synthesis Source Files Read
  6. Analysis & Synthesis Resource Usage Summary
  7. Analysis & Synthesis Resource Utilization by Entity
  8. User-Specified and Inferred Latches
  9. General Register Statistics
 10. Inverted Register Statistics
 11. Multiplexer Restructuring Statistics (Restructuring Performed)
 12. Port Connectivity Checks: "SWNO:U1|DWN_CLK:U1"
 13. Post-Synthesis Netlist Statistics for Top Partition
 14. Elapsed Time Per Partition
 15. Analysis & Synthesis Messages



----------------
; Legal Notice ;
----------------
Copyright (C) 2018  Intel Corporation. All rights reserved.
Your use of Intel Corporation's design tools, logic functions 
and other software and tools, and its AMPP partner logic 
functions, and any output files from any of the foregoing 
(including device programming or simulation files), and any 
associated documentation or information are expressly subject 
to the terms and conditions of the Intel Program License 
Subscription Agreement, the Intel Quartus Prime License Agreement,
the Intel FPGA IP License Agreement, or other applicable license
agreement, including, without limitation, that your use is for
the sole purpose of programming logic devices manufactured by
Intel and sold by Intel or its authorized distributors.  Please
refer to the applicable agreement for further details.



+-------------------------------------------------------------------------------+
; Analysis & Synthesis Summary                                                  ;
+---------------------------------+---------------------------------------------+
; Analysis & Synthesis Status     ; Successful - Sun Dec 30 16:52:28 2018       ;
; Quartus Prime Version           ; 18.1.0 Build 625 09/12/2018 SJ Lite Edition ;
; Revision Name                   ; pdm_synth                                   ;
; Top-level Entity Name           ; pdm_synth                                   ;
; Family                          ; Cyclone V                                   ;
; Logic utilization (in ALMs)     ; N/A                                         ;
; Total registers                 ; 111                                         ;
; Total pins                      ; 4                                           ;
; Total virtual pins              ; 0                                           ;
; Total block memory bits         ; 0                                           ;
; Total DSP Blocks                ; 0                                           ;
; Total HSSI RX PCSs              ; 0                                           ;
; Total HSSI PMA RX Deserializers ; 0                                           ;
; Total HSSI TX PCSs              ; 0                                           ;
; Total HSSI PMA TX Serializers   ; 0                                           ;
; Total PLLs                      ; 0                                           ;
; Total DLLs                      ; 0                                           ;
+---------------------------------+---------------------------------------------+


+---------------------------------------------------------------------------------------------------------------------------+
; Analysis & Synthesis Settings                                                                                             ;
+---------------------------------------------------------------------------------+--------------------+--------------------+
; Option                                                                          ; Setting            ; Default Value      ;
+---------------------------------------------------------------------------------+--------------------+--------------------+
; Device                                                                          ; 5CEBA4F23C7        ;                    ;
; Top-level entity name                                                           ; pdm_synth          ; pdm_synth          ;
; Family name                                                                     ; Cyclone V          ; Cyclone V          ;
; Use smart compilation                                                           ; Off                ; Off                ;
; Enable parallel Assembler and Timing Analyzer during compilation                ; On                 ; On                 ;
; Enable compact report table                                                     ; Off                ; Off                ;
; Restructure Multiplexers                                                        ; Auto               ; Auto               ;
; MLAB Add Timing Constraints For Mixed-Port Feed-Through Mode Setting Don't Care ; Off                ; Off                ;
; Create Debugging Nodes for IP Cores                                             ; Off                ; Off                ;
; Preserve fewer node names                                                       ; On                 ; On                 ;
; Intel FPGA IP Evaluation Mode                                                   ; Enable             ; Enable             ;
; Verilog Version                                                                 ; Verilog_2001       ; Verilog_2001       ;
; VHDL Version                                                                    ; VHDL_1993          ; VHDL_1993          ;
; State Machine Processing                                                        ; Auto               ; Auto               ;
; Safe State Machine                                                              ; Off                ; Off                ;
; Extract Verilog State Machines                                                  ; On                 ; On                 ;
; Extract VHDL State Machines                                                     ; On                 ; On                 ;
; Ignore Verilog initial constructs                                               ; Off                ; Off                ;
; Iteration limit for constant Verilog loops                                      ; 5000               ; 5000               ;
; Iteration limit for non-constant Verilog loops                                  ; 250                ; 250                ;
; Add Pass-Through Logic to Inferred RAMs                                         ; On                 ; On                 ;
; Infer RAMs from Raw Logic                                                       ; On                 ; On                 ;
; Parallel Synthesis                                                              ; On                 ; On                 ;
; DSP Block Balancing                                                             ; Auto               ; Auto               ;
; NOT Gate Push-Back                                                              ; On                 ; On                 ;
; Power-Up Don't Care                                                             ; On                 ; On                 ;
; Remove Redundant Logic Cells                                                    ; Off                ; Off                ;
; Remove Duplicate Registers                                                      ; On                 ; On                 ;
; Ignore CARRY Buffers                                                            ; Off                ; Off                ;
; Ignore CASCADE Buffers                                                          ; Off                ; Off                ;
; Ignore GLOBAL Buffers                                                           ; Off                ; Off                ;
; Ignore ROW GLOBAL Buffers                                                       ; Off                ; Off                ;
; Ignore LCELL Buffers                                                            ; Off                ; Off                ;
; Ignore SOFT Buffers                                                             ; On                 ; On                 ;
; Limit AHDL Integers to 32 Bits                                                  ; Off                ; Off                ;
; Optimization Technique                                                          ; Balanced           ; Balanced           ;
; Carry Chain Length                                                              ; 70                 ; 70                 ;
; Auto Carry Chains                                                               ; On                 ; On                 ;
; Auto Open-Drain Pins                                                            ; On                 ; On                 ;
; Perform WYSIWYG Primitive Resynthesis                                           ; Off                ; Off                ;
; Auto ROM Replacement                                                            ; On                 ; On                 ;
; Auto RAM Replacement                                                            ; On                 ; On                 ;
; Auto DSP Block Replacement                                                      ; On                 ; On                 ;
; Auto Shift Register Replacement                                                 ; Auto               ; Auto               ;
; Allow Shift Register Merging across Hierarchies                                 ; Auto               ; Auto               ;
; Auto Clock Enable Replacement                                                   ; On                 ; On                 ;
; Strict RAM Replacement                                                          ; Off                ; Off                ;
; Allow Synchronous Control Signals                                               ; On                 ; On                 ;
; Force Use of Synchronous Clear Signals                                          ; Off                ; Off                ;
; Auto Resource Sharing                                                           ; Off                ; Off                ;
; Allow Any RAM Size For Recognition                                              ; Off                ; Off                ;
; Allow Any ROM Size For Recognition                                              ; Off                ; Off                ;
; Allow Any Shift Register Size For Recognition                                   ; Off                ; Off                ;
; Use LogicLock Constraints during Resource Balancing                             ; On                 ; On                 ;
; Ignore translate_off and synthesis_off directives                               ; Off                ; Off                ;
; Timing-Driven Synthesis                                                         ; On                 ; On                 ;
; Report Parameter Settings                                                       ; On                 ; On                 ;
; Report Source Assignments                                                       ; On                 ; On                 ;
; Report Connectivity Checks                                                      ; On                 ; On                 ;
; Ignore Maximum Fan-Out Assignments                                              ; Off                ; Off                ;
; Synchronization Register Chain Length                                           ; 3                  ; 3                  ;
; Power Optimization During Synthesis                                             ; Normal compilation ; Normal compilation ;
; HDL message level                                                               ; Level2             ; Level2             ;
; Suppress Register Optimization Related Messages                                 ; Off                ; Off                ;
; Number of Removed Registers Reported in Synthesis Report                        ; 5000               ; 5000               ;
; Number of Swept Nodes Reported in Synthesis Report                              ; 5000               ; 5000               ;
; Number of Inverted Registers Reported in Synthesis Report                       ; 100                ; 100                ;
; Clock MUX Protection                                                            ; On                 ; On                 ;
; Auto Gated Clock Conversion                                                     ; Off                ; Off                ;
; Block Design Naming                                                             ; Auto               ; Auto               ;
; SDC constraint protection                                                       ; Off                ; Off                ;
; Synthesis Effort                                                                ; Auto               ; Auto               ;
; Shift Register Replacement - Allow Asynchronous Clear Signal                    ; On                 ; On                 ;
; Pre-Mapping Resynthesis Optimization                                            ; Off                ; Off                ;
; Analysis & Synthesis Message Level                                              ; Medium             ; Medium             ;
; Disable Register Merging Across Hierarchies                                     ; Auto               ; Auto               ;
; Resource Aware Inference For Block RAM                                          ; On                 ; On                 ;
; Automatic Parallel Synthesis                                                    ; On                 ; On                 ;
; Partial Reconfiguration Bitstream ID                                            ; Off                ; Off                ;
+---------------------------------------------------------------------------------+--------------------+--------------------+


+------------------------------------------+
; Parallel Compilation                     ;
+----------------------------+-------------+
; Processors                 ; Number      ;
+----------------------------+-------------+
; Number detected on machine ; 8           ;
; Maximum allowed            ; 8           ;
;                            ;             ;
; Average used               ; 1.00        ;
; Maximum used               ; 8           ;
;                            ;             ;
; Usage by Processor         ; % Time Used ;
;     Processor 1            ; 100.0%      ;
;     Processors 2-8         ;   0.0%      ;
+----------------------------+-------------+


+-------------------------------------------------------------------------------------------------------------------+
; Analysis & Synthesis Source Files Read                                                                            ;
+----------------------------------+-----------------+-----------------+----------------------------------+---------+
; File Name with User-Entered Path ; Used in Netlist ; File Type       ; File Name with Absolute Path     ; Library ;
+----------------------------------+-----------------+-----------------+----------------------------------+---------+
; WAVGEN.vhdl                      ; yes             ; User VHDL File  ; D:/FPGA/PDM_Synth/WAVGEN.vhdl    ;         ;
; SWNO.vhdl                        ; yes             ; User VHDL File  ; D:/FPGA/PDM_Synth/SWNO.vhdl      ;         ;
; pdm_synth.vhdl                   ; yes             ; User VHDL File  ; D:/FPGA/PDM_Synth/pdm_synth.vhdl ;         ;
; dwn_clk.vhd                      ; yes             ; User VHDL File  ; D:/FPGA/PDM_Synth/dwn_clk.vhd    ;         ;
; DCD.vhdl                         ; yes             ; User VHDL File  ; D:/FPGA/PDM_Synth/DCD.vhdl       ;         ;
; shift_reg.vhdl                   ; yes             ; User VHDL File  ; D:/FPGA/PDM_Synth/shift_reg.vhdl ;         ;
+----------------------------------+-----------------+-----------------+----------------------------------+---------+


+---------------------------------------------------------------------+
; Analysis & Synthesis Resource Usage Summary                         ;
+---------------------------------------------+-----------------------+
; Resource                                    ; Usage                 ;
+---------------------------------------------+-----------------------+
; Estimate of Logic utilization (ALMs needed) ; 203                   ;
;                                             ;                       ;
; Combinational ALUT usage for logic          ; 357                   ;
;     -- 7 input functions                    ; 11                    ;
;     -- 6 input functions                    ; 34                    ;
;     -- 5 input functions                    ; 79                    ;
;     -- 4 input functions                    ; 72                    ;
;     -- <=3 input functions                  ; 161                   ;
;                                             ;                       ;
; Dedicated logic registers                   ; 111                   ;
;                                             ;                       ;
; I/O pins                                    ; 4                     ;
;                                             ;                       ;
; Total DSP Blocks                            ; 0                     ;
;                                             ;                       ;
; Maximum fan-out node                        ; WAVGEN:U2|process_0~0 ;
; Maximum fan-out                             ; 90                    ;
; Total fan-out                               ; 1721                  ;
; Average fan-out                             ; 3.62                  ;
+---------------------------------------------+-----------------------+


+----------------------------------------------------------------------------------------------------------------------------------------------------------------------------------------------------+
; Analysis & Synthesis Resource Utilization by Entity                                                                                                                                                ;
+----------------------------+---------------------+---------------------------+-------------------+------------+------+--------------+---------------------------------+-------------+--------------+
; Compilation Hierarchy Node ; Combinational ALUTs ; Dedicated Logic Registers ; Block Memory Bits ; DSP Blocks ; Pins ; Virtual Pins ; Full Hierarchy Name             ; Entity Name ; Library Name ;
+----------------------------+---------------------+---------------------------+-------------------+------------+------+--------------+---------------------------------+-------------+--------------+
; |pdm_synth                 ; 357 (1)             ; 111 (0)                   ; 0                 ; 0          ; 4    ; 0            ; |pdm_synth                      ; pdm_synth   ; work         ;
;    |SWNO:U1|               ; 103 (65)            ; 84 (57)                   ; 0                 ; 0          ; 0    ; 0            ; |pdm_synth|SWNO:U1              ; SWNO        ; work         ;
;       |DWN_CLK:U1|         ; 38 (38)             ; 27 (27)                   ; 0                 ; 0          ; 0    ; 0            ; |pdm_synth|SWNO:U1|DWN_CLK:U1   ; DWN_CLK     ; work         ;
;    |WAVGEN:U2|             ; 253 (1)             ; 27 (0)                    ; 0                 ; 0          ; 0    ; 0            ; |pdm_synth|WAVGEN:U2            ; WAVGEN      ; work         ;
;       |DCD:U1|             ; 59 (59)             ; 0 (0)                     ; 0                 ; 0          ; 0    ; 0            ; |pdm_synth|WAVGEN:U2|DCD:U1     ; DCD         ; work         ;
;       |DWN_CLK:U2|         ; 78 (78)             ; 27 (27)                   ; 0                 ; 0          ; 0    ; 0            ; |pdm_synth|WAVGEN:U2|DWN_CLK:U2 ; DWN_CLK     ; work         ;
;       |SH:U3|              ; 115 (115)           ; 0 (0)                     ; 0                 ; 0          ; 0    ; 0            ; |pdm_synth|WAVGEN:U2|SH:U3      ; SH          ; work         ;
+----------------------------+---------------------+---------------------------+-------------------+------------+------+--------------+---------------------------------+-------------+--------------+
Note: For table entries with two numbers listed, the numbers in parentheses indicate the number of resources of the given type used by the specific entity alone. The numbers listed outside of parentheses indicate the total resources of the given type used by the specific entity and all of its sub-entities in the hierarchy.


+----------------------------------------------------------------------------------------------------------+
; User-Specified and Inferred Latches                                                                      ;
+-----------------------------------------------------+---------------------------+------------------------+
; Latch Name                                          ; Latch Enable Signal       ; Free of Timing Hazards ;
+-----------------------------------------------------+---------------------------+------------------------+
; SWNO:U1|NOTE_ENABLE                                 ; SWNO:U1|NOTE_NUM[7]       ; yes                    ;
; WAVGEN:U2|SH:U3|SIGCNT[8]                           ; WAVGEN:U2|SH:U3|SIGCNT[8] ; yes                    ;
; WAVGEN:U2|SH:U3|SIGCNT[3]                           ; WAVGEN:U2|SH:U3|SIGCNT[8] ; yes                    ;
; WAVGEN:U2|SH:U3|SIGCNT[1]                           ; WAVGEN:U2|SH:U3|SIGCNT[8] ; yes                    ;
; WAVGEN:U2|SH:U3|SIGCNT[2]                           ; WAVGEN:U2|SH:U3|SIGCNT[8] ; yes                    ;
; WAVGEN:U2|SH:U3|SIGCNT[4]                           ; WAVGEN:U2|SH:U3|SIGCNT[8] ; yes                    ;
; WAVGEN:U2|SH:U3|SIGCNT[0]                           ; WAVGEN:U2|SH:U3|SIGCNT[8] ; yes                    ;
; WAVGEN:U2|SH:U3|SIGCNT[7]                           ; WAVGEN:U2|SH:U3|SIGCNT[8] ; yes                    ;
; WAVGEN:U2|SH:U3|SIGCNT[6]                           ; WAVGEN:U2|SH:U3|SIGCNT[8] ; yes                    ;
; WAVGEN:U2|SH:U3|SIGCNT[31]                          ; WAVGEN:U2|SH:U3|SIGCNT[8] ; yes                    ;
; WAVGEN:U2|SH:U3|SIGCNT[5]                           ; WAVGEN:U2|SH:U3|SIGCNT[8] ; yes                    ;
; WAVGEN:U2|SH:U3|SIGCNT[9]                           ; WAVGEN:U2|SH:U3|SIGCNT[8] ; yes                    ;
; WAVGEN:U2|SH:U3|SIGCNT[10]                          ; WAVGEN:U2|SH:U3|SIGCNT[8] ; yes                    ;
; WAVGEN:U2|SH:U3|SIGCNT[11]                          ; WAVGEN:U2|SH:U3|SIGCNT[8] ; yes                    ;
; WAVGEN:U2|SH:U3|SIGCNT[12]                          ; WAVGEN:U2|SH:U3|SIGCNT[8] ; yes                    ;
; WAVGEN:U2|SH:U3|SIGCNT[13]                          ; WAVGEN:U2|SH:U3|SIGCNT[8] ; yes                    ;
; WAVGEN:U2|SH:U3|SIGCNT[14]                          ; WAVGEN:U2|SH:U3|SIGCNT[8] ; yes                    ;
; WAVGEN:U2|SH:U3|SIGCNT[15]                          ; WAVGEN:U2|SH:U3|SIGCNT[8] ; yes                    ;
; WAVGEN:U2|SH:U3|SIGCNT[16]                          ; WAVGEN:U2|SH:U3|SIGCNT[8] ; yes                    ;
; WAVGEN:U2|SH:U3|SIGCNT[17]                          ; WAVGEN:U2|SH:U3|SIGCNT[8] ; yes                    ;
; WAVGEN:U2|SH:U3|SIGCNT[18]                          ; WAVGEN:U2|SH:U3|SIGCNT[8] ; yes                    ;
; WAVGEN:U2|SH:U3|SIGCNT[19]                          ; WAVGEN:U2|SH:U3|SIGCNT[8] ; yes                    ;
; WAVGEN:U2|SH:U3|SIGCNT[20]                          ; WAVGEN:U2|SH:U3|SIGCNT[8] ; yes                    ;
; WAVGEN:U2|SH:U3|SIGCNT[21]                          ; WAVGEN:U2|SH:U3|SIGCNT[8] ; yes                    ;
; WAVGEN:U2|SH:U3|SIGCNT[22]                          ; WAVGEN:U2|SH:U3|SIGCNT[8] ; yes                    ;
; WAVGEN:U2|SH:U3|SIGCNT[23]                          ; WAVGEN:U2|SH:U3|SIGCNT[8] ; yes                    ;
; WAVGEN:U2|SH:U3|SIGCNT[24]                          ; WAVGEN:U2|SH:U3|SIGCNT[8] ; yes                    ;
; WAVGEN:U2|SH:U3|SIGCNT[25]                          ; WAVGEN:U2|SH:U3|SIGCNT[8] ; yes                    ;
; WAVGEN:U2|SH:U3|SIGCNT[26]                          ; WAVGEN:U2|SH:U3|SIGCNT[8] ; yes                    ;
; WAVGEN:U2|SH:U3|SIGCNT[27]                          ; WAVGEN:U2|SH:U3|SIGCNT[8] ; yes                    ;
; WAVGEN:U2|SH:U3|SIGCNT[28]                          ; WAVGEN:U2|SH:U3|SIGCNT[8] ; yes                    ;
; WAVGEN:U2|SH:U3|SIGCNT[29]                          ; WAVGEN:U2|SH:U3|SIGCNT[8] ; yes                    ;
; WAVGEN:U2|SH:U3|SIGCNT[30]                          ; WAVGEN:U2|SH:U3|SIGCNT[8] ; yes                    ;
; SWNO:U1|NOTE_NUM[7]                                 ; SWNO:U1|NOTE_NUM[7]       ; yes                    ;
; SWNO:U1|NOTE_NUM[6]                                 ; SWNO:U1|NOTE_NUM[7]       ; yes                    ;
; SWNO:U1|NOTE_NUM[5]                                 ; SWNO:U1|NOTE_NUM[7]       ; yes                    ;
; SWNO:U1|NOTE_NUM[4]                                 ; SWNO:U1|NOTE_NUM[7]       ; yes                    ;
; SWNO:U1|NOTE_NUM[3]                                 ; SWNO:U1|NOTE_NUM[7]       ; yes                    ;
; SWNO:U1|NOTE_NUM[2]                                 ; SWNO:U1|NOTE_NUM[7]       ; yes                    ;
; SWNO:U1|NOTE_NUM[1]                                 ; SWNO:U1|NOTE_NUM[7]       ; yes                    ;
; SWNO:U1|NOTE_NUM[0]                                 ; SWNO:U1|NOTE_NUM[7]       ; yes                    ;
; Number of user-specified and inferred latches = 41  ;                           ;                        ;
+-----------------------------------------------------+---------------------------+------------------------+
Note: All latches listed above may not be present at the end of synthesis due to various synthesis optimizations.


+------------------------------------------------------+
; General Register Statistics                          ;
+----------------------------------------------+-------+
; Statistic                                    ; Value ;
+----------------------------------------------+-------+
; Total registers                              ; 111   ;
; Number of registers using Synchronous Clear  ; 85    ;
; Number of registers using Synchronous Load   ; 0     ;
; Number of registers using Asynchronous Clear ; 54    ;
; Number of registers using Asynchronous Load  ; 0     ;
; Number of registers using Clock Enable       ; 54    ;
; Number of registers using Preset             ; 0     ;
+----------------------------------------------+-------+


+---------------------------------------------------+
; Inverted Register Statistics                      ;
+-----------------------------------------+---------+
; Inverted Register                       ; Fan out ;
+-----------------------------------------+---------+
; WAVGEN:U2|DWN_CLK:U2|LO_CLK             ; 33      ;
; SWNO:U1|DWN_CLK:U1|LO_CLK               ; 57      ;
; SWNO:U1|dec_cnt[31]                     ; 2       ;
; SWNO:U1|dec_cnt[0]                      ; 7       ;
; SWNO:U1|DWN_CLK:U1|COUNT[18]            ; 2       ;
; SWNO:U1|DWN_CLK:U1|COUNT[17]            ; 2       ;
; SWNO:U1|DWN_CLK:U1|COUNT[12]            ; 2       ;
; SWNO:U1|DWN_CLK:U1|COUNT[11]            ; 2       ;
; SWNO:U1|DWN_CLK:U1|COUNT[9]             ; 2       ;
; SWNO:U1|DWN_CLK:U1|COUNT[7]             ; 2       ;
; Total number of inverted registers = 10 ;         ;
+-----------------------------------------+---------+


+------------------------------------------------------------------------------------------------------------------------------------------------+
; Multiplexer Restructuring Statistics (Restructuring Performed)                                                                                 ;
+--------------------+-----------+---------------+----------------------+------------------------+------------+----------------------------------+
; Multiplexer Inputs ; Bus Width ; Baseline Area ; Area if Restructured ; Saving if Restructured ; Registered ; Example Multiplexer Output       ;
+--------------------+-----------+---------------+----------------------+------------------------+------------+----------------------------------+
; 3:1                ; 24 bits   ; 48 LEs        ; 0 LEs                ; 48 LEs                 ; Yes        ; |pdm_synth|SWNO:U1|MIDI_DATA[19] ;
; 5:1                ; 30 bits   ; 90 LEs        ; 0 LEs                ; 90 LEs                 ; Yes        ; |pdm_synth|SWNO:U1|dec_cnt[27]   ;
; 5:1                ; 2 bits    ; 6 LEs         ; 2 LEs                ; 4 LEs                  ; Yes        ; |pdm_synth|SWNO:U1|dec_cnt[31]   ;
+--------------------+-----------+---------------+----------------------+------------------------+------------+----------------------------------+


+---------------------------------------------------+
; Port Connectivity Checks: "SWNO:U1|DWN_CLK:U1"    ;
+-----------------+-------+----------+--------------+
; Port            ; Type  ; Severity ; Details      ;
+-----------------+-------+----------+--------------+
; tgt_clk[18..17] ; Input ; Info     ; Stuck at VCC ;
; tgt_clk[12..11] ; Input ; Info     ; Stuck at VCC ;
; tgt_clk[25..19] ; Input ; Info     ; Stuck at GND ;
; tgt_clk[16..13] ; Input ; Info     ; Stuck at GND ;
; tgt_clk[6..0]   ; Input ; Info     ; Stuck at GND ;
; tgt_clk[10]     ; Input ; Info     ; Stuck at GND ;
; tgt_clk[9]      ; Input ; Info     ; Stuck at VCC ;
; tgt_clk[8]      ; Input ; Info     ; Stuck at GND ;
; tgt_clk[7]      ; Input ; Info     ; Stuck at VCC ;
+-----------------+-------+----------+--------------+


+-----------------------------------------------------+
; Post-Synthesis Netlist Statistics for Top Partition ;
+-----------------------+-----------------------------+
; Type                  ; Count                       ;
+-----------------------+-----------------------------+
; arriav_ff             ; 111                         ;
;     CLR               ; 23                          ;
;     CLR SCLR          ; 31                          ;
;     ENA SCLR          ; 54                          ;
;     plain             ; 3                           ;
; arriav_lcell_comb     ; 357                         ;
;     arith             ; 116                         ;
;         1 data inputs ; 116                         ;
;     extend            ; 11                          ;
;         7 data inputs ; 11                          ;
;     normal            ; 230                         ;
;         1 data inputs ; 9                           ;
;         2 data inputs ; 8                           ;
;         3 data inputs ; 28                          ;
;         4 data inputs ; 72                          ;
;         5 data inputs ; 79                          ;
;         6 data inputs ; 34                          ;
; boundary_port         ; 4                           ;
;                       ;                             ;
; Max LUT depth         ; 7.00                        ;
; Average LUT depth     ; 4.49                        ;
+-----------------------+-----------------------------+


+-------------------------------+
; Elapsed Time Per Partition    ;
+----------------+--------------+
; Partition Name ; Elapsed Time ;
+----------------+--------------+
; Top            ; 00:00:00     ;
+----------------+--------------+


+-------------------------------+
; Analysis & Synthesis Messages ;
+-------------------------------+
Info: *******************************************************************
Info: Running Quartus Prime Analysis & Synthesis
    Info: Version 18.1.0 Build 625 09/12/2018 SJ Lite Edition
    Info: Processing started: Sun Dec 30 16:52:15 2018
Info: Command: quartus_map --read_settings_files=on --write_settings_files=off pdm_synth -c pdm_synth
Warning (18236): Number of processors has not been specified which may cause overloading on shared machines.  Set the global assignment NUM_PARALLEL_PROCESSORS in your QSF to an appropriate value for best performance.
Info (20030): Parallel compilation is enabled and will use 8 of the 8 processors detected
Info (12021): Found 2 design units, including 1 entities, in source file wavgen.vhdl
    Info (12022): Found design unit 1: WAVGEN-WAVGEN File: D:/FPGA/PDM_Synth/WAVGEN.vhdl Line: 15
    Info (12023): Found entity 1: WAVGEN File: D:/FPGA/PDM_Synth/WAVGEN.vhdl Line: 5
Info (12021): Found 2 design units, including 1 entities, in source file swno.vhdl
    Info (12022): Found design unit 1: SWNO-SWNO File: D:/FPGA/PDM_Synth/SWNO.vhdl Line: 16
    Info (12023): Found entity 1: SWNO File: D:/FPGA/PDM_Synth/SWNO.vhdl Line: 6
Info (12021): Found 2 design units, including 1 entities, in source file pdm_synth.vhdl
    Info (12022): Found design unit 1: pdm_synth-pdm_synth File: D:/FPGA/PDM_Synth/pdm_synth.vhdl Line: 14
    Info (12023): Found entity 1: pdm_synth File: D:/FPGA/PDM_Synth/pdm_synth.vhdl Line: 5
Info (12021): Found 2 design units, including 1 entities, in source file dwn_clk.vhd
    Info (12022): Found design unit 1: DWN_CLK-DWN_CLK File: D:/FPGA/PDM_Synth/dwn_clk.vhd Line: 15
    Info (12023): Found entity 1: DWN_CLK File: D:/FPGA/PDM_Synth/dwn_clk.vhd Line: 6
Info (12021): Found 2 design units, including 1 entities, in source file dcd.vhdl
    Info (12022): Found design unit 1: DCD-DCD File: D:/FPGA/PDM_Synth/DCD.vhdl Line: 11
    Info (12023): Found entity 1: DCD File: D:/FPGA/PDM_Synth/DCD.vhdl Line: 4
Info (12021): Found 2 design units, including 1 entities, in source file shift_reg.vhdl
    Info (12022): Found design unit 1: SH-SH File: D:/FPGA/PDM_Synth/shift_reg.vhdl Line: 14
    Info (12023): Found entity 1: SH File: D:/FPGA/PDM_Synth/shift_reg.vhdl Line: 6
Info (12127): Elaborating entity "pdm_synth" for the top level hierarchy
Info (12128): Elaborating entity "SWNO" for hierarchy "SWNO:U1" File: D:/FPGA/PDM_Synth/pdm_synth.vhdl Line: 37
Warning (10540): VHDL Signal Declaration warning at SWNO.vhdl(28): used explicit default value for signal "TGT_CLK" because signal was never assigned a value File: D:/FPGA/PDM_Synth/SWNO.vhdl Line: 28
Warning (10492): VHDL Process Statement warning at SWNO.vhdl(64): signal "eodec" is read inside the Process Statement but isn't in the Process Statement's sensitivity list File: D:/FPGA/PDM_Synth/SWNO.vhdl Line: 64
Warning (10492): VHDL Process Statement warning at SWNO.vhdl(65): signal "MIDI_DATA" is read inside the Process Statement but isn't in the Process Statement's sensitivity list File: D:/FPGA/PDM_Synth/SWNO.vhdl Line: 65
Warning (10492): VHDL Process Statement warning at SWNO.vhdl(67): signal "MIDI_DATA" is read inside the Process Statement but isn't in the Process Statement's sensitivity list File: D:/FPGA/PDM_Synth/SWNO.vhdl Line: 67
Warning (10492): VHDL Process Statement warning at SWNO.vhdl(68): signal "MIDI_DATA" is read inside the Process Statement but isn't in the Process Statement's sensitivity list File: D:/FPGA/PDM_Synth/SWNO.vhdl Line: 68
Warning (10492): VHDL Process Statement warning at SWNO.vhdl(70): signal "MIDI_DATA" is read inside the Process Statement but isn't in the Process Statement's sensitivity list File: D:/FPGA/PDM_Synth/SWNO.vhdl Line: 70
Warning (10631): VHDL Process Statement warning at SWNO.vhdl(41): inferring latch(es) for signal or variable "NOTE_ENABLE", which holds its previous value in one or more paths through the process File: D:/FPGA/PDM_Synth/SWNO.vhdl Line: 41
Warning (10631): VHDL Process Statement warning at SWNO.vhdl(41): inferring latch(es) for signal or variable "NOTE_NUM", which holds its previous value in one or more paths through the process File: D:/FPGA/PDM_Synth/SWNO.vhdl Line: 41
Info (10041): Inferred latch for "NOTE_NUM[0]" at SWNO.vhdl(41) File: D:/FPGA/PDM_Synth/SWNO.vhdl Line: 41
Info (10041): Inferred latch for "NOTE_NUM[1]" at SWNO.vhdl(41) File: D:/FPGA/PDM_Synth/SWNO.vhdl Line: 41
Info (10041): Inferred latch for "NOTE_NUM[2]" at SWNO.vhdl(41) File: D:/FPGA/PDM_Synth/SWNO.vhdl Line: 41
Info (10041): Inferred latch for "NOTE_NUM[3]" at SWNO.vhdl(41) File: D:/FPGA/PDM_Synth/SWNO.vhdl Line: 41
Info (10041): Inferred latch for "NOTE_NUM[4]" at SWNO.vhdl(41) File: D:/FPGA/PDM_Synth/SWNO.vhdl Line: 41
Info (10041): Inferred latch for "NOTE_NUM[5]" at SWNO.vhdl(41) File: D:/FPGA/PDM_Synth/SWNO.vhdl Line: 41
Info (10041): Inferred latch for "NOTE_NUM[6]" at SWNO.vhdl(41) File: D:/FPGA/PDM_Synth/SWNO.vhdl Line: 41
Info (10041): Inferred latch for "NOTE_NUM[7]" at SWNO.vhdl(41) File: D:/FPGA/PDM_Synth/SWNO.vhdl Line: 41
Info (10041): Inferred latch for "NOTE_ENABLE" at SWNO.vhdl(41) File: D:/FPGA/PDM_Synth/SWNO.vhdl Line: 41
Info (12128): Elaborating entity "DWN_CLK" for hierarchy "SWNO:U1|DWN_CLK:U1" File: D:/FPGA/PDM_Synth/SWNO.vhdl Line: 34
Warning (10540): VHDL Signal Declaration warning at dwn_clk.vhd(17): used explicit default value for signal "ZEROCOUNT" because signal was never assigned a value File: D:/FPGA/PDM_Synth/dwn_clk.vhd Line: 17
Warning (10492): VHDL Process Statement warning at dwn_clk.vhd(24): signal "TGT_CLK" is read inside the Process Statement but isn't in the Process Statement's sensitivity list File: D:/FPGA/PDM_Synth/dwn_clk.vhd Line: 24
Info (12128): Elaborating entity "WAVGEN" for hierarchy "WAVGEN:U2" File: D:/FPGA/PDM_Synth/pdm_synth.vhdl Line: 44
Info (12128): Elaborating entity "DCD" for hierarchy "WAVGEN:U2|DCD:U1" File: D:/FPGA/PDM_Synth/WAVGEN.vhdl Line: 54
Info (12128): Elaborating entity "SH" for hierarchy "WAVGEN:U2|SH:U3" File: D:/FPGA/PDM_Synth/WAVGEN.vhdl Line: 64
Warning (10540): VHDL Signal Declaration warning at shift_reg.vhdl(18): used explicit default value for signal "PDM" because signal was never assigned a value File: D:/FPGA/PDM_Synth/shift_reg.vhdl Line: 18
Warning (10492): VHDL Process Statement warning at shift_reg.vhdl(26): signal "SIGCNT" is read inside the Process Statement but isn't in the Process Statement's sensitivity list File: D:/FPGA/PDM_Synth/shift_reg.vhdl Line: 26
Warning (10492): VHDL Process Statement warning at shift_reg.vhdl(27): signal "PDM" is read inside the Process Statement but isn't in the Process Statement's sensitivity list File: D:/FPGA/PDM_Synth/shift_reg.vhdl Line: 27
Warning (10492): VHDL Process Statement warning at shift_reg.vhdl(27): signal "SIGCNT" is read inside the Process Statement but isn't in the Process Statement's sensitivity list File: D:/FPGA/PDM_Synth/shift_reg.vhdl Line: 27
Warning (10492): VHDL Process Statement warning at shift_reg.vhdl(28): signal "SIGCNT" is read inside the Process Statement but isn't in the Process Statement's sensitivity list File: D:/FPGA/PDM_Synth/shift_reg.vhdl Line: 28
Warning (10492): VHDL Process Statement warning at shift_reg.vhdl(29): signal "SIGCNT" is read inside the Process Statement but isn't in the Process Statement's sensitivity list File: D:/FPGA/PDM_Synth/shift_reg.vhdl Line: 29
Warning (10492): VHDL Process Statement warning at shift_reg.vhdl(30): signal "PDM" is read inside the Process Statement but isn't in the Process Statement's sensitivity list File: D:/FPGA/PDM_Synth/shift_reg.vhdl Line: 30
Warning (10492): VHDL Process Statement warning at shift_reg.vhdl(30): signal "SIGCNT" is read inside the Process Statement but isn't in the Process Statement's sensitivity list File: D:/FPGA/PDM_Synth/shift_reg.vhdl Line: 30
Warning (10492): VHDL Process Statement warning at shift_reg.vhdl(33): signal "PDM" is read inside the Process Statement but isn't in the Process Statement's sensitivity list File: D:/FPGA/PDM_Synth/shift_reg.vhdl Line: 33
Warning (10492): VHDL Process Statement warning at shift_reg.vhdl(33): signal "SIGCNT" is read inside the Process Statement but isn't in the Process Statement's sensitivity list File: D:/FPGA/PDM_Synth/shift_reg.vhdl Line: 33
Warning (10631): VHDL Process Statement warning at shift_reg.vhdl(22): inferring latch(es) for signal or variable "SIGCNT", which holds its previous value in one or more paths through the process File: D:/FPGA/PDM_Synth/shift_reg.vhdl Line: 22
Info (10041): Inferred latch for "SIGCNT[0]" at shift_reg.vhdl(22) File: D:/FPGA/PDM_Synth/shift_reg.vhdl Line: 22
Info (10041): Inferred latch for "SIGCNT[1]" at shift_reg.vhdl(22) File: D:/FPGA/PDM_Synth/shift_reg.vhdl Line: 22
Info (10041): Inferred latch for "SIGCNT[2]" at shift_reg.vhdl(22) File: D:/FPGA/PDM_Synth/shift_reg.vhdl Line: 22
Info (10041): Inferred latch for "SIGCNT[3]" at shift_reg.vhdl(22) File: D:/FPGA/PDM_Synth/shift_reg.vhdl Line: 22
Info (10041): Inferred latch for "SIGCNT[4]" at shift_reg.vhdl(22) File: D:/FPGA/PDM_Synth/shift_reg.vhdl Line: 22
Info (10041): Inferred latch for "SIGCNT[5]" at shift_reg.vhdl(22) File: D:/FPGA/PDM_Synth/shift_reg.vhdl Line: 22
Info (10041): Inferred latch for "SIGCNT[6]" at shift_reg.vhdl(22) File: D:/FPGA/PDM_Synth/shift_reg.vhdl Line: 22
Info (10041): Inferred latch for "SIGCNT[7]" at shift_reg.vhdl(22) File: D:/FPGA/PDM_Synth/shift_reg.vhdl Line: 22
Info (10041): Inferred latch for "SIGCNT[8]" at shift_reg.vhdl(22) File: D:/FPGA/PDM_Synth/shift_reg.vhdl Line: 22
Info (10041): Inferred latch for "SIGCNT[9]" at shift_reg.vhdl(22) File: D:/FPGA/PDM_Synth/shift_reg.vhdl Line: 22
Info (10041): Inferred latch for "SIGCNT[10]" at shift_reg.vhdl(22) File: D:/FPGA/PDM_Synth/shift_reg.vhdl Line: 22
Info (10041): Inferred latch for "SIGCNT[11]" at shift_reg.vhdl(22) File: D:/FPGA/PDM_Synth/shift_reg.vhdl Line: 22
Info (10041): Inferred latch for "SIGCNT[12]" at shift_reg.vhdl(22) File: D:/FPGA/PDM_Synth/shift_reg.vhdl Line: 22
Info (10041): Inferred latch for "SIGCNT[13]" at shift_reg.vhdl(22) File: D:/FPGA/PDM_Synth/shift_reg.vhdl Line: 22
Info (10041): Inferred latch for "SIGCNT[14]" at shift_reg.vhdl(22) File: D:/FPGA/PDM_Synth/shift_reg.vhdl Line: 22
Info (10041): Inferred latch for "SIGCNT[15]" at shift_reg.vhdl(22) File: D:/FPGA/PDM_Synth/shift_reg.vhdl Line: 22
Info (10041): Inferred latch for "SIGCNT[16]" at shift_reg.vhdl(22) File: D:/FPGA/PDM_Synth/shift_reg.vhdl Line: 22
Info (10041): Inferred latch for "SIGCNT[17]" at shift_reg.vhdl(22) File: D:/FPGA/PDM_Synth/shift_reg.vhdl Line: 22
Info (10041): Inferred latch for "SIGCNT[18]" at shift_reg.vhdl(22) File: D:/FPGA/PDM_Synth/shift_reg.vhdl Line: 22
Info (10041): Inferred latch for "SIGCNT[19]" at shift_reg.vhdl(22) File: D:/FPGA/PDM_Synth/shift_reg.vhdl Line: 22
Info (10041): Inferred latch for "SIGCNT[20]" at shift_reg.vhdl(22) File: D:/FPGA/PDM_Synth/shift_reg.vhdl Line: 22
Info (10041): Inferred latch for "SIGCNT[21]" at shift_reg.vhdl(22) File: D:/FPGA/PDM_Synth/shift_reg.vhdl Line: 22
Info (10041): Inferred latch for "SIGCNT[22]" at shift_reg.vhdl(22) File: D:/FPGA/PDM_Synth/shift_reg.vhdl Line: 22
Info (10041): Inferred latch for "SIGCNT[23]" at shift_reg.vhdl(22) File: D:/FPGA/PDM_Synth/shift_reg.vhdl Line: 22
Info (10041): Inferred latch for "SIGCNT[24]" at shift_reg.vhdl(22) File: D:/FPGA/PDM_Synth/shift_reg.vhdl Line: 22
Info (10041): Inferred latch for "SIGCNT[25]" at shift_reg.vhdl(22) File: D:/FPGA/PDM_Synth/shift_reg.vhdl Line: 22
Info (10041): Inferred latch for "SIGCNT[26]" at shift_reg.vhdl(22) File: D:/FPGA/PDM_Synth/shift_reg.vhdl Line: 22
Info (10041): Inferred latch for "SIGCNT[27]" at shift_reg.vhdl(22) File: D:/FPGA/PDM_Synth/shift_reg.vhdl Line: 22
Info (10041): Inferred latch for "SIGCNT[28]" at shift_reg.vhdl(22) File: D:/FPGA/PDM_Synth/shift_reg.vhdl Line: 22
Info (10041): Inferred latch for "SIGCNT[29]" at shift_reg.vhdl(22) File: D:/FPGA/PDM_Synth/shift_reg.vhdl Line: 22
Info (10041): Inferred latch for "SIGCNT[30]" at shift_reg.vhdl(22) File: D:/FPGA/PDM_Synth/shift_reg.vhdl Line: 22
Info (10041): Inferred latch for "SIGCNT[31]" at shift_reg.vhdl(22) File: D:/FPGA/PDM_Synth/shift_reg.vhdl Line: 22
Warning (13012): Latch SWNO:U1|NOTE_ENABLE has unsafe behavior File: D:/FPGA/PDM_Synth/SWNO.vhdl Line: 12
    Warning (13013): Ports D and ENA on the latch are fed by the same signal SWNO:U1|MIDI_DATA[19] File: D:/FPGA/PDM_Synth/SWNO.vhdl Line: 42
Warning (13012): Latch WAVGEN:U2|SH:U3|SIGCNT[8] has unsafe behavior File: D:/FPGA/PDM_Synth/shift_reg.vhdl Line: 22
    Warning (13013): Ports D and ENA on the latch are fed by the same signal WAVGEN:U2|DWN_CLK:U2|LO_CLK File: D:/FPGA/PDM_Synth/dwn_clk.vhd Line: 11
Warning (13012): Latch WAVGEN:U2|SH:U3|SIGCNT[3] has unsafe behavior File: D:/FPGA/PDM_Synth/shift_reg.vhdl Line: 22
    Warning (13013): Ports D and ENA on the latch are fed by the same signal WAVGEN:U2|DWN_CLK:U2|LO_CLK File: D:/FPGA/PDM_Synth/dwn_clk.vhd Line: 11
Warning (13012): Latch WAVGEN:U2|SH:U3|SIGCNT[1] has unsafe behavior File: D:/FPGA/PDM_Synth/shift_reg.vhdl Line: 22
    Warning (13013): Ports D and ENA on the latch are fed by the same signal WAVGEN:U2|DWN_CLK:U2|LO_CLK File: D:/FPGA/PDM_Synth/dwn_clk.vhd Line: 11
Warning (13012): Latch WAVGEN:U2|SH:U3|SIGCNT[2] has unsafe behavior File: D:/FPGA/PDM_Synth/shift_reg.vhdl Line: 22
    Warning (13013): Ports D and ENA on the latch are fed by the same signal WAVGEN:U2|DWN_CLK:U2|LO_CLK File: D:/FPGA/PDM_Synth/dwn_clk.vhd Line: 11
Warning (13012): Latch WAVGEN:U2|SH:U3|SIGCNT[4] has unsafe behavior File: D:/FPGA/PDM_Synth/shift_reg.vhdl Line: 22
    Warning (13013): Ports D and ENA on the latch are fed by the same signal WAVGEN:U2|DWN_CLK:U2|LO_CLK File: D:/FPGA/PDM_Synth/dwn_clk.vhd Line: 11
Warning (13012): Latch WAVGEN:U2|SH:U3|SIGCNT[0] has unsafe behavior File: D:/FPGA/PDM_Synth/shift_reg.vhdl Line: 22
    Warning (13013): Ports D and ENA on the latch are fed by the same signal WAVGEN:U2|DWN_CLK:U2|LO_CLK File: D:/FPGA/PDM_Synth/dwn_clk.vhd Line: 11
Warning (13012): Latch WAVGEN:U2|SH:U3|SIGCNT[7] has unsafe behavior File: D:/FPGA/PDM_Synth/shift_reg.vhdl Line: 22
    Warning (13013): Ports D and ENA on the latch are fed by the same signal WAVGEN:U2|DWN_CLK:U2|LO_CLK File: D:/FPGA/PDM_Synth/dwn_clk.vhd Line: 11
Warning (13012): Latch WAVGEN:U2|SH:U3|SIGCNT[6] has unsafe behavior File: D:/FPGA/PDM_Synth/shift_reg.vhdl Line: 22
    Warning (13013): Ports D and ENA on the latch are fed by the same signal WAVGEN:U2|DWN_CLK:U2|LO_CLK File: D:/FPGA/PDM_Synth/dwn_clk.vhd Line: 11
Warning (13012): Latch WAVGEN:U2|SH:U3|SIGCNT[31] has unsafe behavior File: D:/FPGA/PDM_Synth/shift_reg.vhdl Line: 22
    Warning (13013): Ports D and ENA on the latch are fed by the same signal WAVGEN:U2|DWN_CLK:U2|LO_CLK File: D:/FPGA/PDM_Synth/dwn_clk.vhd Line: 11
Warning (13012): Latch WAVGEN:U2|SH:U3|SIGCNT[5] has unsafe behavior File: D:/FPGA/PDM_Synth/shift_reg.vhdl Line: 22
    Warning (13013): Ports D and ENA on the latch are fed by the same signal WAVGEN:U2|DWN_CLK:U2|LO_CLK File: D:/FPGA/PDM_Synth/dwn_clk.vhd Line: 11
Warning (13012): Latch WAVGEN:U2|SH:U3|SIGCNT[9] has unsafe behavior File: D:/FPGA/PDM_Synth/shift_reg.vhdl Line: 22
    Warning (13013): Ports D and ENA on the latch are fed by the same signal WAVGEN:U2|DWN_CLK:U2|LO_CLK File: D:/FPGA/PDM_Synth/dwn_clk.vhd Line: 11
Warning (13012): Latch WAVGEN:U2|SH:U3|SIGCNT[10] has unsafe behavior File: D:/FPGA/PDM_Synth/shift_reg.vhdl Line: 22
    Warning (13013): Ports D and ENA on the latch are fed by the same signal WAVGEN:U2|DWN_CLK:U2|LO_CLK File: D:/FPGA/PDM_Synth/dwn_clk.vhd Line: 11
Warning (13012): Latch WAVGEN:U2|SH:U3|SIGCNT[11] has unsafe behavior File: D:/FPGA/PDM_Synth/shift_reg.vhdl Line: 22
    Warning (13013): Ports D and ENA on the latch are fed by the same signal WAVGEN:U2|DWN_CLK:U2|LO_CLK File: D:/FPGA/PDM_Synth/dwn_clk.vhd Line: 11
Warning (13012): Latch WAVGEN:U2|SH:U3|SIGCNT[12] has unsafe behavior File: D:/FPGA/PDM_Synth/shift_reg.vhdl Line: 22
    Warning (13013): Ports D and ENA on the latch are fed by the same signal WAVGEN:U2|DWN_CLK:U2|LO_CLK File: D:/FPGA/PDM_Synth/dwn_clk.vhd Line: 11
Warning (13012): Latch WAVGEN:U2|SH:U3|SIGCNT[13] has unsafe behavior File: D:/FPGA/PDM_Synth/shift_reg.vhdl Line: 22
    Warning (13013): Ports D and ENA on the latch are fed by the same signal WAVGEN:U2|DWN_CLK:U2|LO_CLK File: D:/FPGA/PDM_Synth/dwn_clk.vhd Line: 11
Warning (13012): Latch WAVGEN:U2|SH:U3|SIGCNT[14] has unsafe behavior File: D:/FPGA/PDM_Synth/shift_reg.vhdl Line: 22
    Warning (13013): Ports D and ENA on the latch are fed by the same signal WAVGEN:U2|DWN_CLK:U2|LO_CLK File: D:/FPGA/PDM_Synth/dwn_clk.vhd Line: 11
Warning (13012): Latch WAVGEN:U2|SH:U3|SIGCNT[15] has unsafe behavior File: D:/FPGA/PDM_Synth/shift_reg.vhdl Line: 22
    Warning (13013): Ports D and ENA on the latch are fed by the same signal WAVGEN:U2|DWN_CLK:U2|LO_CLK File: D:/FPGA/PDM_Synth/dwn_clk.vhd Line: 11
Warning (13012): Latch WAVGEN:U2|SH:U3|SIGCNT[16] has unsafe behavior File: D:/FPGA/PDM_Synth/shift_reg.vhdl Line: 22
    Warning (13013): Ports D and ENA on the latch are fed by the same signal WAVGEN:U2|DWN_CLK:U2|LO_CLK File: D:/FPGA/PDM_Synth/dwn_clk.vhd Line: 11
Warning (13012): Latch WAVGEN:U2|SH:U3|SIGCNT[17] has unsafe behavior File: D:/FPGA/PDM_Synth/shift_reg.vhdl Line: 22
    Warning (13013): Ports D and ENA on the latch are fed by the same signal WAVGEN:U2|DWN_CLK:U2|LO_CLK File: D:/FPGA/PDM_Synth/dwn_clk.vhd Line: 11
Warning (13012): Latch WAVGEN:U2|SH:U3|SIGCNT[18] has unsafe behavior File: D:/FPGA/PDM_Synth/shift_reg.vhdl Line: 22
    Warning (13013): Ports D and ENA on the latch are fed by the same signal WAVGEN:U2|DWN_CLK:U2|LO_CLK File: D:/FPGA/PDM_Synth/dwn_clk.vhd Line: 11
Warning (13012): Latch WAVGEN:U2|SH:U3|SIGCNT[19] has unsafe behavior File: D:/FPGA/PDM_Synth/shift_reg.vhdl Line: 22
    Warning (13013): Ports D and ENA on the latch are fed by the same signal WAVGEN:U2|DWN_CLK:U2|LO_CLK File: D:/FPGA/PDM_Synth/dwn_clk.vhd Line: 11
Warning (13012): Latch WAVGEN:U2|SH:U3|SIGCNT[20] has unsafe behavior File: D:/FPGA/PDM_Synth/shift_reg.vhdl Line: 22
    Warning (13013): Ports D and ENA on the latch are fed by the same signal WAVGEN:U2|DWN_CLK:U2|LO_CLK File: D:/FPGA/PDM_Synth/dwn_clk.vhd Line: 11
Warning (13012): Latch WAVGEN:U2|SH:U3|SIGCNT[21] has unsafe behavior File: D:/FPGA/PDM_Synth/shift_reg.vhdl Line: 22
    Warning (13013): Ports D and ENA on the latch are fed by the same signal WAVGEN:U2|DWN_CLK:U2|LO_CLK File: D:/FPGA/PDM_Synth/dwn_clk.vhd Line: 11
Warning (13012): Latch WAVGEN:U2|SH:U3|SIGCNT[22] has unsafe behavior File: D:/FPGA/PDM_Synth/shift_reg.vhdl Line: 22
    Warning (13013): Ports D and ENA on the latch are fed by the same signal WAVGEN:U2|DWN_CLK:U2|LO_CLK File: D:/FPGA/PDM_Synth/dwn_clk.vhd Line: 11
Warning (13012): Latch WAVGEN:U2|SH:U3|SIGCNT[23] has unsafe behavior File: D:/FPGA/PDM_Synth/shift_reg.vhdl Line: 22
    Warning (13013): Ports D and ENA on the latch are fed by the same signal WAVGEN:U2|DWN_CLK:U2|LO_CLK File: D:/FPGA/PDM_Synth/dwn_clk.vhd Line: 11
Warning (13012): Latch WAVGEN:U2|SH:U3|SIGCNT[24] has unsafe behavior File: D:/FPGA/PDM_Synth/shift_reg.vhdl Line: 22
    Warning (13013): Ports D and ENA on the latch are fed by the same signal WAVGEN:U2|DWN_CLK:U2|LO_CLK File: D:/FPGA/PDM_Synth/dwn_clk.vhd Line: 11
Warning (13012): Latch WAVGEN:U2|SH:U3|SIGCNT[25] has unsafe behavior File: D:/FPGA/PDM_Synth/shift_reg.vhdl Line: 22
    Warning (13013): Ports D and ENA on the latch are fed by the same signal WAVGEN:U2|DWN_CLK:U2|LO_CLK File: D:/FPGA/PDM_Synth/dwn_clk.vhd Line: 11
Warning (13012): Latch WAVGEN:U2|SH:U3|SIGCNT[26] has unsafe behavior File: D:/FPGA/PDM_Synth/shift_reg.vhdl Line: 22
    Warning (13013): Ports D and ENA on the latch are fed by the same signal WAVGEN:U2|DWN_CLK:U2|LO_CLK File: D:/FPGA/PDM_Synth/dwn_clk.vhd Line: 11
Warning (13012): Latch WAVGEN:U2|SH:U3|SIGCNT[27] has unsafe behavior File: D:/FPGA/PDM_Synth/shift_reg.vhdl Line: 22
    Warning (13013): Ports D and ENA on the latch are fed by the same signal WAVGEN:U2|DWN_CLK:U2|LO_CLK File: D:/FPGA/PDM_Synth/dwn_clk.vhd Line: 11
Warning (13012): Latch WAVGEN:U2|SH:U3|SIGCNT[28] has unsafe behavior File: D:/FPGA/PDM_Synth/shift_reg.vhdl Line: 22
    Warning (13013): Ports D and ENA on the latch are fed by the same signal WAVGEN:U2|DWN_CLK:U2|LO_CLK File: D:/FPGA/PDM_Synth/dwn_clk.vhd Line: 11
Warning (13012): Latch WAVGEN:U2|SH:U3|SIGCNT[29] has unsafe behavior File: D:/FPGA/PDM_Synth/shift_reg.vhdl Line: 22
    Warning (13013): Ports D and ENA on the latch are fed by the same signal WAVGEN:U2|DWN_CLK:U2|LO_CLK File: D:/FPGA/PDM_Synth/dwn_clk.vhd Line: 11
Warning (13012): Latch WAVGEN:U2|SH:U3|SIGCNT[30] has unsafe behavior File: D:/FPGA/PDM_Synth/shift_reg.vhdl Line: 22
    Warning (13013): Ports D and ENA on the latch are fed by the same signal WAVGEN:U2|DWN_CLK:U2|LO_CLK File: D:/FPGA/PDM_Synth/dwn_clk.vhd Line: 11
Warning (13012): Latch SWNO:U1|NOTE_NUM[7] has unsafe behavior File: D:/FPGA/PDM_Synth/SWNO.vhdl Line: 41
    Warning (13013): Ports D and ENA on the latch are fed by the same signal SWNO:U1|MIDI_DATA[15] File: D:/FPGA/PDM_Synth/SWNO.vhdl Line: 42
Warning (13012): Latch SWNO:U1|NOTE_NUM[6] has unsafe behavior File: D:/FPGA/PDM_Synth/SWNO.vhdl Line: 41
    Warning (13013): Ports D and ENA on the latch are fed by the same signal SWNO:U1|MIDI_DATA[14] File: D:/FPGA/PDM_Synth/SWNO.vhdl Line: 42
Info (13000): Registers with preset signals will power-up high File: D:/FPGA/PDM_Synth/dwn_clk.vhd Line: 23
Info (13003): DEV_CLRn pin will set, and not reset, register with preset signal due to NOT Gate Push-Back
Warning (13004): Presettable and clearable registers converted to equivalent circuits with latches. Registers power-up to an undefined state, and DEVCLRn places the registers in an undefined state.
    Warning (13310): Register "WAVGEN:U2|DWN_CLK:U2|COUNT[14]" is converted into an equivalent circuit using register "WAVGEN:U2|DWN_CLK:U2|COUNT[14]~_emulated" and latch "WAVGEN:U2|DWN_CLK:U2|COUNT[14]~1" File: D:/FPGA/PDM_Synth/dwn_clk.vhd Line: 23
    Warning (13310): Register "WAVGEN:U2|DWN_CLK:U2|COUNT[13]" is converted into an equivalent circuit using register "WAVGEN:U2|DWN_CLK:U2|COUNT[13]~_emulated" and latch "WAVGEN:U2|DWN_CLK:U2|COUNT[13]~5" File: D:/FPGA/PDM_Synth/dwn_clk.vhd Line: 23
    Warning (13310): Register "WAVGEN:U2|DWN_CLK:U2|COUNT[12]" is converted into an equivalent circuit using register "WAVGEN:U2|DWN_CLK:U2|COUNT[12]~_emulated" and latch "WAVGEN:U2|DWN_CLK:U2|COUNT[12]~9" File: D:/FPGA/PDM_Synth/dwn_clk.vhd Line: 23
    Warning (13310): Register "WAVGEN:U2|DWN_CLK:U2|COUNT[11]" is converted into an equivalent circuit using register "WAVGEN:U2|DWN_CLK:U2|COUNT[11]~_emulated" and latch "WAVGEN:U2|DWN_CLK:U2|COUNT[11]~13" File: D:/FPGA/PDM_Synth/dwn_clk.vhd Line: 23
    Warning (13310): Register "WAVGEN:U2|DWN_CLK:U2|COUNT[10]" is converted into an equivalent circuit using register "WAVGEN:U2|DWN_CLK:U2|COUNT[10]~_emulated" and latch "WAVGEN:U2|DWN_CLK:U2|COUNT[10]~17" File: D:/FPGA/PDM_Synth/dwn_clk.vhd Line: 23
    Warning (13310): Register "WAVGEN:U2|DWN_CLK:U2|COUNT[9]" is converted into an equivalent circuit using register "WAVGEN:U2|DWN_CLK:U2|COUNT[9]~_emulated" and latch "WAVGEN:U2|DWN_CLK:U2|COUNT[9]~21" File: D:/FPGA/PDM_Synth/dwn_clk.vhd Line: 23
    Warning (13310): Register "WAVGEN:U2|DWN_CLK:U2|COUNT[8]" is converted into an equivalent circuit using register "WAVGEN:U2|DWN_CLK:U2|COUNT[8]~_emulated" and latch "WAVGEN:U2|DWN_CLK:U2|COUNT[8]~25" File: D:/FPGA/PDM_Synth/dwn_clk.vhd Line: 23
    Warning (13310): Register "WAVGEN:U2|DWN_CLK:U2|COUNT[7]" is converted into an equivalent circuit using register "WAVGEN:U2|DWN_CLK:U2|COUNT[7]~_emulated" and latch "WAVGEN:U2|DWN_CLK:U2|COUNT[7]~29" File: D:/FPGA/PDM_Synth/dwn_clk.vhd Line: 23
    Warning (13310): Register "WAVGEN:U2|DWN_CLK:U2|COUNT[6]" is converted into an equivalent circuit using register "WAVGEN:U2|DWN_CLK:U2|COUNT[6]~_emulated" and latch "WAVGEN:U2|DWN_CLK:U2|COUNT[6]~33" File: D:/FPGA/PDM_Synth/dwn_clk.vhd Line: 23
    Warning (13310): Register "WAVGEN:U2|DWN_CLK:U2|COUNT[5]" is converted into an equivalent circuit using register "WAVGEN:U2|DWN_CLK:U2|COUNT[5]~_emulated" and latch "WAVGEN:U2|DWN_CLK:U2|COUNT[5]~37" File: D:/FPGA/PDM_Synth/dwn_clk.vhd Line: 23
    Warning (13310): Register "WAVGEN:U2|DWN_CLK:U2|COUNT[4]" is converted into an equivalent circuit using register "WAVGEN:U2|DWN_CLK:U2|COUNT[4]~_emulated" and latch "WAVGEN:U2|DWN_CLK:U2|COUNT[4]~41" File: D:/FPGA/PDM_Synth/dwn_clk.vhd Line: 23
    Warning (13310): Register "WAVGEN:U2|DWN_CLK:U2|COUNT[3]" is converted into an equivalent circuit using register "WAVGEN:U2|DWN_CLK:U2|COUNT[3]~_emulated" and latch "WAVGEN:U2|DWN_CLK:U2|COUNT[3]~45" File: D:/FPGA/PDM_Synth/dwn_clk.vhd Line: 23
    Warning (13310): Register "WAVGEN:U2|DWN_CLK:U2|COUNT[2]" is converted into an equivalent circuit using register "WAVGEN:U2|DWN_CLK:U2|COUNT[2]~_emulated" and latch "WAVGEN:U2|DWN_CLK:U2|COUNT[2]~49" File: D:/FPGA/PDM_Synth/dwn_clk.vhd Line: 23
    Warning (13310): Register "WAVGEN:U2|DWN_CLK:U2|COUNT[1]" is converted into an equivalent circuit using register "WAVGEN:U2|DWN_CLK:U2|COUNT[1]~_emulated" and latch "WAVGEN:U2|DWN_CLK:U2|COUNT[1]~53" File: D:/FPGA/PDM_Synth/dwn_clk.vhd Line: 23
    Warning (13310): Register "WAVGEN:U2|DWN_CLK:U2|COUNT[0]" is converted into an equivalent circuit using register "WAVGEN:U2|DWN_CLK:U2|COUNT[0]~_emulated" and latch "WAVGEN:U2|DWN_CLK:U2|COUNT[0]~57" File: D:/FPGA/PDM_Synth/dwn_clk.vhd Line: 23
Info (286030): Timing-Driven Synthesis is running
Info (16010): Generating hard_block partition "hard_block:auto_generated_inst"
    Info (16011): Adding 0 node(s), including 0 DDIO, 0 PLL, 0 transceiver and 0 LCELL
Info (21057): Implemented 384 device resources after synthesis - the final resource count might be different
    Info (21058): Implemented 3 input pins
    Info (21059): Implemented 1 output pins
    Info (21061): Implemented 380 logic cells
Info: Quartus Prime Analysis & Synthesis was successful. 0 errors, 108 warnings
    Info: Peak virtual memory: 4906 megabytes
    Info: Processing ended: Sun Dec 30 16:52:29 2018
    Info: Elapsed time: 00:00:14
    Info: Total CPU time (on all processors): 00:00:29


